2022-11-15T17:39:34+00:00 CRITICAL Maximum execution time of 240 seconds exceeded in C:\xampp\htdocs\pece3\wp-includes\wp-db.php on line 2056

2022-11-15T20:02:27+00:00 CRITICAL Uncaught Error: Call to undefined function Automattic\WooCommerce\Blocks\BlockTypes\wp_is_block_theme() in C:\xampp\htdocs\pece3\wp-content\plugins\woocommerce\packages\woocommerce-blocks\src\BlockTypes\ProductImage.php:168
Stack trace:
#0 C:\xampp\htdocs\pece3\wp-content\plugins\woocommerce\packages\woocommerce-blocks\src\BlockTypes\AbstractBlock.php(100): Automattic\WooCommerce\Blocks\BlockTypes\ProductImage->enqueue_data()
#1 C:\xampp\htdocs\pece3\wp-includes\class-wp-hook.php(303): Automattic\WooCommerce\Blocks\BlockTypes\AbstractBlock->enqueue_editor_assets('')
#2 C:\xampp\htdocs\pece3\wp-includes\class-wp-hook.php(327): WP_Hook->apply_filters(NULL, Array)
#3 C:\xampp\htdocs\pece3\wp-includes\plugin.php(470): WP_Hook->do_action(Array)
#4 C:\xampp\htdocs\pece3\wp-includes\class-wp-customize-widgets.php(873): do_action('enqueue_block_e...')
#5 C:\xampp\htdocs\pece3\wp-includes\class-wp-hook.php(303): WP_Customize_Widgets->enqueue_scripts('')
#6 C:\xampp\htdocs\pece3\wp-includes\class-wp-hook.php(327): WP_H in C:\xampp\htdocs\pece3\wp-content\plugins\woocommerce\packages\woocommerce-blocks\src\BlockTypes\ProductImage.php on line 168

2022-11-15T20:02:42+00:00 CRITICAL Uncaught Error: Call to undefined function Automattic\WooCommerce\Blocks\BlockTypes\wp_is_block_theme() in C:\xampp\htdocs\pece3\wp-content\plugins\woocommerce\packages\woocommerce-blocks\src\BlockTypes\ProductImage.php:168
Stack trace:
#0 C:\xampp\htdocs\pece3\wp-content\plugins\woocommerce\packages\woocommerce-blocks\src\BlockTypes\AbstractBlock.php(100): Automattic\WooCommerce\Blocks\BlockTypes\ProductImage->enqueue_data()
#1 C:\xampp\htdocs\pece3\wp-includes\class-wp-hook.php(303): Automattic\WooCommerce\Blocks\BlockTypes\AbstractBlock->enqueue_editor_assets('')
#2 C:\xampp\htdocs\pece3\wp-includes\class-wp-hook.php(327): WP_Hook->apply_filters(NULL, Array)
#3 C:\xampp\htdocs\pece3\wp-includes\plugin.php(470): WP_Hook->do_action(Array)
#4 C:\xampp\htdocs\pece3\wp-includes\class-wp-customize-widgets.php(873): do_action('enqueue_block_e...')
#5 C:\xampp\htdocs\pece3\wp-includes\class-wp-hook.php(303): WP_Customize_Widgets->enqueue_scripts('')
#6 C:\xampp\htdocs\pece3\wp-includes\class-wp-hook.php(327): WP_H in C:\xampp\htdocs\pece3\wp-content\plugins\woocommerce\packages\woocommerce-blocks\src\BlockTypes\ProductImage.php on line 168

2022-11-15T21:09:04+00:00 CRITICAL Uncaught Error: Call to undefined function Automattic\WooCommerce\Blocks\BlockTypes\wp_is_block_theme() in C:\xampp\htdocs\pece3\wp-content\plugins\woocommerce\packages\woocommerce-blocks\src\BlockTypes\ProductImage.php:168
Stack trace:
#0 C:\xampp\htdocs\pece3\wp-content\plugins\woocommerce\packages\woocommerce-blocks\src\BlockTypes\AbstractBlock.php(100): Automattic\WooCommerce\Blocks\BlockTypes\ProductImage->enqueue_data()
#1 C:\xampp\htdocs\pece3\wp-includes\class-wp-hook.php(303): Automattic\WooCommerce\Blocks\BlockTypes\AbstractBlock->enqueue_editor_assets('')
#2 C:\xampp\htdocs\pece3\wp-includes\class-wp-hook.php(327): WP_Hook->apply_filters(NULL, Array)
#3 C:\xampp\htdocs\pece3\wp-includes\plugin.php(470): WP_Hook->do_action(Array)
#4 C:\xampp\htdocs\pece3\wp-includes\class-wp-customize-widgets.php(873): do_action('enqueue_block_e...')
#5 C:\xampp\htdocs\pece3\wp-includes\class-wp-hook.php(303): WP_Customize_Widgets->enqueue_scripts('')
#6 C:\xampp\htdocs\pece3\wp-includes\class-wp-hook.php(327): WP_H in C:\xampp\htdocs\pece3\wp-content\plugins\woocommerce\packages\woocommerce-blocks\src\BlockTypes\ProductImage.php on line 168

2022-11-15T21:09:24+00:00 CRITICAL Uncaught Error: Call to undefined function Automattic\WooCommerce\Blocks\BlockTypes\wp_is_block_theme() in C:\xampp\htdocs\pece3\wp-content\plugins\woocommerce\packages\woocommerce-blocks\src\BlockTypes\ProductImage.php:168
Stack trace:
#0 C:\xampp\htdocs\pece3\wp-content\plugins\woocommerce\packages\woocommerce-blocks\src\BlockTypes\AbstractBlock.php(100): Automattic\WooCommerce\Blocks\BlockTypes\ProductImage->enqueue_data()
#1 C:\xampp\htdocs\pece3\wp-includes\class-wp-hook.php(303): Automattic\WooCommerce\Blocks\BlockTypes\AbstractBlock->enqueue_editor_assets('')
#2 C:\xampp\htdocs\pece3\wp-includes\class-wp-hook.php(327): WP_Hook->apply_filters(NULL, Array)
#3 C:\xampp\htdocs\pece3\wp-includes\plugin.php(470): WP_Hook->do_action(Array)
#4 C:\xampp\htdocs\pece3\wp-includes\class-wp-customize-widgets.php(873): do_action('enqueue_block_e...')
#5 C:\xampp\htdocs\pece3\wp-includes\class-wp-hook.php(303): WP_Customize_Widgets->enqueue_scripts('')
#6 C:\xampp\htdocs\pece3\wp-includes\class-wp-hook.php(327): WP_H in C:\xampp\htdocs\pece3\wp-content\plugins\woocommerce\packages\woocommerce-blocks\src\BlockTypes\ProductImage.php on line 168

